Using pre-set license
Built from '2022.3/staging' branch; Version is '2022.3.1f1 (f18e0c1b5784) revision 15830540'; Using compiler version '192829333'; Build Type 'Release'
OS: 'Windows 11  (10.0.22621) 64bit Core' Language: 'fr' Physical Memory: 15720 MB
BatchMode: 1, IsHumanControllingUs: 0, StartBugReporterOnCrash: 0, Is64bit: 1, IsPro: 1

COMMAND LINE ARGUMENTS:
C:\Program Files\Unity\Hub\Editor\2022.3.1f1\Editor\Unity.exe
-adb2
-batchMode
-noUpm
-name
AssetImportWorker0
-projectPath
C:/Users/tagat/UnityProjects/Plinkers
-logFile
Logs/AssetImportWorker0.log
-srvPort
52338
Successfully changed project path to: C:/Users/tagat/UnityProjects/Plinkers
C:/Users/tagat/UnityProjects/Plinkers
[UnityMemory] Configuration Parameters - Can be set up in boot.config
    "memorysetup-bucket-allocator-granularity=16"
    "memorysetup-bucket-allocator-bucket-count=8"
    "memorysetup-bucket-allocator-block-size=33554432"
    "memorysetup-bucket-allocator-block-count=8"
    "memorysetup-main-allocator-block-size=16777216"
    "memorysetup-thread-allocator-block-size=16777216"
    "memorysetup-gfx-main-allocator-block-size=16777216"
    "memorysetup-gfx-thread-allocator-block-size=16777216"
    "memorysetup-cache-allocator-block-size=4194304"
    "memorysetup-typetree-allocator-block-size=2097152"
    "memorysetup-profiler-bucket-allocator-granularity=16"
    "memorysetup-profiler-bucket-allocator-bucket-count=8"
    "memorysetup-profiler-bucket-allocator-block-size=33554432"
    "memorysetup-profiler-bucket-allocator-block-count=8"
    "memorysetup-profiler-allocator-block-size=16777216"
    "memorysetup-profiler-editor-allocator-block-size=1048576"
    "memorysetup-temp-allocator-size-main=16777216"
    "memorysetup-job-temp-allocator-block-size=2097152"
    "memorysetup-job-temp-allocator-block-size-background=1048576"
    "memorysetup-job-temp-allocator-reduction-small-platforms=262144"
    "memorysetup-allocator-temp-initial-block-size-main=262144"
    "memorysetup-allocator-temp-initial-block-size-worker=262144"
    "memorysetup-temp-allocator-size-background-worker=32768"
    "memorysetup-temp-allocator-size-job-worker=262144"
    "memorysetup-temp-allocator-size-preload-manager=33554432"
    "memorysetup-temp-allocator-size-nav-mesh-worker=65536"
    "memorysetup-temp-allocator-size-audio-worker=65536"
    "memorysetup-temp-allocator-size-cloud-worker=32768"
    "memorysetup-temp-allocator-size-gi-baking-worker=262144"
    "memorysetup-temp-allocator-size-gfx=262144"
Player connection [22604] Host "[IP] 10.11.142.228 [Port] 0 [Flags] 2 [Guid] 2413896818 [EditorId] 2413896818 [Version] 1048832 [Id] WindowsEditor(7,CONONCON) [Debug] 1 [PackageName] WindowsEditor [ProjectName] Editor" joined multi-casting on [225.0.0.222:54997]...

Player connection [22604] Host "[IP] 10.11.142.228 [Port] 0 [Flags] 2 [Guid] 2413896818 [EditorId] 2413896818 [Version] 1048832 [Id] WindowsEditor(7,CONONCON) [Debug] 1 [PackageName] WindowsEditor [ProjectName] Editor" joined alternative multi-casting on [225.0.0.222:34997]...

Refreshing native plugins compatible for Editor in 2420.32 ms, found 3 plugins.
Preloading 0 native plugins for Editor in 0.00 ms.
Initialize engine version: 2022.3.1f1 (f18e0c1b5784)
[Subsystems] Discovering subsystems at path C:/Program Files/Unity/Hub/Editor/2022.3.1f1/Editor/Data/Resources/UnitySubsystems
[Subsystems] Discovering subsystems at path C:/Users/tagat/UnityProjects/Plinkers/Assets
GfxDevice: creating device client; threaded=0; jobified=0
Direct3D:
    Version:  Direct3D 11.0 [level 11.1]
    Renderer: AMD Radeon (TM) Graphics (ID=0x15e7)
    Vendor:   ATI
    VRAM:     7860 MB
    Driver:   31.0.21024.5
Initialize mono
Mono path[0] = 'C:/Program Files/Unity/Hub/Editor/2022.3.1f1/Editor/Data/Managed'
Mono path[1] = 'C:/Program Files/Unity/Hub/Editor/2022.3.1f1/Editor/Data/MonoBleedingEdge/lib/mono/unityjit-win32'
Mono config path = 'C:/Program Files/Unity/Hub/Editor/2022.3.1f1/Editor/Data/MonoBleedingEdge/etc'
Using monoOptions --debugger-agent=transport=dt_socket,embedding=1,server=y,suspend=n,address=127.0.0.1:56744
Begin MonoManager ReloadAssembly
Registering precompiled unity dll's ...
Register platform support module: C:/Program Files/Unity/Hub/Editor/2022.3.1f1/Editor/Data/PlaybackEngines/WebGLSupport/UnityEditor.WebGL.Extensions.dll
Register platform support module: C:/Program Files/Unity/Hub/Editor/2022.3.1f1/Editor/Data/PlaybackEngines/WindowsStandaloneSupport/UnityEditor.WindowsStandalone.Extensions.dll
Registered in 0.030437 seconds.
- Loaded All Assemblies, in  0.840 seconds
Native extension for WindowsStandalone target not found
Native extension for WebGL target not found
Mono: successfully reloaded assembly
- Finished resetting the current domain, in  0.584 seconds
Domain Reload Profiling: 1421ms
	BeginReloadAssembly (239ms)
		ExecutionOrderSort (0ms)
		DisableScriptedObjects (0ms)
		BackupInstance (0ms)
		ReleaseScriptingObjects (0ms)
		CreateAndSetChildDomain (1ms)
	RebuildCommonClasses (78ms)
	RebuildNativeTypeToScriptingClass (20ms)
	initialDomainReloadingComplete (147ms)
	LoadAllAssembliesAndSetupDomain (353ms)
		LoadAssemblies (237ms)
		RebuildTransferFunctionScriptingTraits (0ms)
		AnalyzeDomain (338ms)
			TypeCache.Refresh (337ms)
				TypeCache.ScanAssembly (310ms)
			ScanForSourceGeneratedMonoScriptInfo (1ms)
			ResolveRequiredComponents (1ms)
	FinalizeReload (585ms)
		ReleaseScriptCaches (0ms)
		RebuildScriptCaches (0ms)
		SetupLoadedEditorAssemblies (457ms)
			LogAssemblyErrors (0ms)
			InitializePlatformSupportModulesInManaged (20ms)
			SetLoadedEditorAssemblies (8ms)
			RefreshPlugins (0ms)
			BeforeProcessingInitializeOnLoad (3ms)
			ProcessInitializeOnLoadAttributes (283ms)
			ProcessInitializeOnLoadMethodAttributes (142ms)
			AfterProcessingInitializeOnLoad (0ms)
			EditorAssembliesLoaded (0ms)
		ExecutionOrderSort2 (0ms)
		AwakeInstancesAfterBackupRestoration (0ms)
========================================================================
Worker process is ready to serve import requests
Begin MonoManager ReloadAssembly
Symbol file LoadedFromMemory doesn't match image C:\Users\tagat\UnityProjects\Plinkers\Library\PackageCache\com.unity.visualscripting@1.8.0\Editor\VisualScripting.Core\Dependencies\YamlDotNet\Unity.VisualScripting.YamlDotNet.dll
Symbol file LoadedFromMemory doesn't match image C:\Users\tagat\UnityProjects\Plinkers\Library\PackageCache\com.unity.visualscripting@1.8.0\Editor\VisualScripting.Core\Dependencies\DotNetZip\Unity.VisualScripting.IonicZip.dll
- Loaded All Assemblies, in  1.142 seconds
Refreshing native plugins compatible for Editor in 3.36 ms, found 3 plugins.
Native extension for WindowsStandalone target not found
Native extension for WebGL target not found
Mono: successfully reloaded assembly
- Finished resetting the current domain, in  0.710 seconds
Domain Reload Profiling: 1848ms
	BeginReloadAssembly (197ms)
		ExecutionOrderSort (0ms)
		DisableScriptedObjects (9ms)
		BackupInstance (0ms)
		ReleaseScriptingObjects (0ms)
		CreateAndSetChildDomain (41ms)
	RebuildCommonClasses (51ms)
	RebuildNativeTypeToScriptingClass (15ms)
	initialDomainReloadingComplete (57ms)
	LoadAllAssembliesAndSetupDomain (816ms)
		LoadAssemblies (533ms)
		RebuildTransferFunctionScriptingTraits (0ms)
		AnalyzeDomain (368ms)
			TypeCache.Refresh (350ms)
				TypeCache.ScanAssembly (331ms)
			ScanForSourceGeneratedMonoScriptInfo (13ms)
			ResolveRequiredComponents (5ms)
	FinalizeReload (711ms)
		ReleaseScriptCaches (0ms)
		RebuildScriptCaches (0ms)
		SetupLoadedEditorAssemblies (514ms)
			LogAssemblyErrors (0ms)
			InitializePlatformSupportModulesInManaged (7ms)
			SetLoadedEditorAssemblies (4ms)
			RefreshPlugins (0ms)
			BeforeProcessingInitializeOnLoad (65ms)
			ProcessInitializeOnLoadAttributes (389ms)
			ProcessInitializeOnLoadMethodAttributes (39ms)
			AfterProcessingInitializeOnLoad (11ms)
			EditorAssembliesLoaded (0ms)
		ExecutionOrderSort2 (0ms)
		AwakeInstancesAfterBackupRestoration (12ms)
Launched and connected shader compiler UnityShaderCompiler.exe after 0.10 seconds
Refreshing native plugins compatible for Editor in 4.90 ms, found 3 plugins.
Preloading 0 native plugins for Editor in 0.00 ms.
Unloading 3069 Unused Serialized files (Serialized files now loaded: 0)
Unloading 33 unused Assets / (0.8 MB). Loaded Objects now: 3533.
Memory consumption went from 119.4 MB to 118.6 MB.
Total: 6.661400 ms (FindLiveObjects: 0.625000 ms CreateObjectMapping: 0.153200 ms MarkObjects: 5.060800 ms  DeleteObjects: 0.820400 ms)

AssetImportParameters requested are different than current active one (requested -> active):
  custom:container-demuxer-ogg: 62fdf1f143b41e24485cea50d1cbac27 -> 
  custom:video-codec-MediaFoundation-h265: 746d11721c4dcdbdad8f713fa42b33f4 -> 
  custom:video-decoder-ogg-theora: a1e56fd34408186e4bbccfd4996cb3dc -> 
  custom:framework-win-MediaFoundation: 216162199b28c13a410421893ffa2e32 -> 
  custom:container-demuxer-webm: 4f35f7cbe854078d1ac9338744f61a02 -> 
  custom:container-muxer-webm: aa71ff27fc2769a1b78a27578f13a17b -> 
  custom:video-decoder-webm-vp8: 9c59270c3fd7afecdb556c50c9e8de78 -> 
  custom:AudioImporter_EditorPlatform: d09bf68614088b80899f8185d706f6e7 -> 
  custom:video-encoder-webm-vp8: eb34c28f22e8b96e1ab97ce403110664 -> 
  custom:audio-decoder-ogg-vorbis: bf7c407c2cedff20999df2af8eb42d56 -> 
  custom:audio-encoder-webm-vorbis: bf7c407c2cedff20999df2af8eb42d56 -> 
========================================================================
Received Import Request.
  Time since last request: 35303.392072 seconds.
  path: Assets/WorldMaterialsFree/Resource Files/BasketWeaveBricks/BasketWeaveBricks_YFliped_Normal.png
  artifactKey: Guid(58975c05dd358584c88c2a142740a111) Importer(815301076,1909f56bfc062723c751e8b465ee728b)
Start importing Assets/WorldMaterialsFree/Resource Files/BasketWeaveBricks/BasketWeaveBricks_YFliped_Normal.png using Guid(58975c05dd358584c88c2a142740a111) Importer(815301076,1909f56bfc062723c751e8b465ee728b)  -> (artifact id: 'a6165403805346f6fd5e274d3fce61c2') in 0.201140 seconds
Number of updated asset objects reloaded before import = 0
Number of asset objects unloaded after import = 2
========================================================================
Received Import Request.
  Time since last request: 0.000023 seconds.
  path: Assets/WorldMaterialsFree/Resource Files/BasketWeaveBricks/BasketWeaveBricks_Smoothness.png
  artifactKey: Guid(b05bb9ac27530194f9ce4086ccac645c) Importer(815301076,1909f56bfc062723c751e8b465ee728b)
Start importing Assets/WorldMaterialsFree/Resource Files/BasketWeaveBricks/BasketWeaveBricks_Smoothness.png using Guid(b05bb9ac27530194f9ce4086ccac645c) Importer(815301076,1909f56bfc062723c751e8b465ee728b)  -> (artifact id: '5ae1f6461d8312e71c48cef35883e0fa') in 0.023385 seconds
Number of updated asset objects reloaded before import = 0
Number of asset objects unloaded after import = 2
========================================================================
Received Import Request.
  Time since last request: 0.000032 seconds.
  path: Assets/WorldMaterialsFree/Resource Files/BathroomTiles/BathroomTiles_height.png
  artifactKey: Guid(ec44fd46532d5174e8cd2c5a4ee2f280) Importer(815301076,1909f56bfc062723c751e8b465ee728b)
Start importing Assets/WorldMaterialsFree/Resource Files/BathroomTiles/BathroomTiles_height.png using Guid(ec44fd46532d5174e8cd2c5a4ee2f280) Importer(815301076,1909f56bfc062723c751e8b465ee728b)  -> (artifact id: 'f24ae5824a005a65c83032da96d178ae') in 0.027799 seconds
Number of updated asset objects reloaded before import = 0
Number of asset objects unloaded after import = 2
========================================================================
Received Import Request.
  Time since last request: 0.000044 seconds.
  path: Assets/WorldMaterialsFree/Resource Files/BathroomTiles/BathroomTiles_YFliped_normal.png
  artifactKey: Guid(6a8b3c6c7263897449ffa52d4e393c23) Importer(815301076,1909f56bfc062723c751e8b465ee728b)
Start importing Assets/WorldMaterialsFree/Resource Files/BathroomTiles/BathroomTiles_YFliped_normal.png using Guid(6a8b3c6c7263897449ffa52d4e393c23) Importer(815301076,1909f56bfc062723c751e8b465ee728b)  -> (artifact id: 'da91c060fced9b715f2288b59c060b34') in 0.029418 seconds
Number of updated asset objects reloaded before import = 0
Number of asset objects unloaded after import = 2
========================================================================
Received Import Request.
  Time since last request: 0.000034 seconds.
  path: Assets/WorldMaterialsFree/Resource Files/BrushedIron/BrushedIron_AO.png
  artifactKey: Guid(9ae39f2e8316a2246a5a4c3bf6c2ea36) Importer(815301076,1909f56bfc062723c751e8b465ee728b)
Start importing Assets/WorldMaterialsFree/Resource Files/BrushedIron/BrushedIron_AO.png using Guid(9ae39f2e8316a2246a5a4c3bf6c2ea36) Importer(815301076,1909f56bfc062723c751e8b465ee728b)  -> (artifact id: '82328a6198c289d876c633f465e84e09') in 0.018130 seconds
Number of updated asset objects reloaded before import = 0
Number of asset objects unloaded after import = 2
========================================================================
Received Import Request.
  Time since last request: 11.164946 seconds.
  path: Assets/WorldMaterialsFree/Resource Files/ClumpMud/ClumpMud_YFliped_Normal.png
  artifactKey: Guid(a4a37f7a6ffedc448ad87a9046c1534f) Importer(815301076,1909f56bfc062723c751e8b465ee728b)
Start importing Assets/WorldMaterialsFree/Resource Files/ClumpMud/ClumpMud_YFliped_Normal.png using Guid(a4a37f7a6ffedc448ad87a9046c1534f) Importer(815301076,1909f56bfc062723c751e8b465ee728b)  -> (artifact id: 'c7d37a332df7419fc7a1c34d1abb49ad') in 0.036379 seconds
Number of updated asset objects reloaded before import = 0
Number of asset objects unloaded after import = 2
========================================================================
Received Import Request.
  Time since last request: 0.000269 seconds.
  path: Assets/WorldMaterialsFree/Resource Files/ClumpMud/ClumpMud_Grass_Ao.png
  artifactKey: Guid(6001aa115ad4e72428b131a9024547b4) Importer(815301076,1909f56bfc062723c751e8b465ee728b)
Start importing Assets/WorldMaterialsFree/Resource Files/ClumpMud/ClumpMud_Grass_Ao.png using Guid(6001aa115ad4e72428b131a9024547b4) Importer(815301076,1909f56bfc062723c751e8b465ee728b)  -> (artifact id: 'a768e47a99ca9c6404732a0dff795d8f') in 0.020731 seconds
Number of updated asset objects reloaded before import = 0
Number of asset objects unloaded after import = 2
========================================================================
Received Import Request.
  Time since last request: 0.740421 seconds.
  path: Assets/WorldMaterialsFree/Resource Files/CoarseConcrete/CoarseConcrete_YFliped_normal.png
  artifactKey: Guid(4c7e02e2e8ad4374e838f4b890e2d3c6) Importer(815301076,1909f56bfc062723c751e8b465ee728b)
Start importing Assets/WorldMaterialsFree/Resource Files/CoarseConcrete/CoarseConcrete_YFliped_normal.png using Guid(4c7e02e2e8ad4374e838f4b890e2d3c6) Importer(815301076,1909f56bfc062723c751e8b465ee728b)  -> (artifact id: '84d577f140b483116c94ea3d6681303b') in 0.046458 seconds
Number of updated asset objects reloaded before import = 0
Number of asset objects unloaded after import = 2
========================================================================
Received Import Request.
  Time since last request: 16.293281 seconds.
  path: Assets/WorldMaterialsFree/Resource Files/DesertCliffRock/DesertCliffRock_normal.png
  artifactKey: Guid(849cfd9762b661d43bde99a183d4ada7) Importer(815301076,1909f56bfc062723c751e8b465ee728b)
Start importing Assets/WorldMaterialsFree/Resource Files/DesertCliffRock/DesertCliffRock_normal.png using Guid(849cfd9762b661d43bde99a183d4ada7) Importer(815301076,1909f56bfc062723c751e8b465ee728b)  -> (artifact id: '428fa46f81775bd2c2f6c57ef161b9d7') in 0.053137 seconds
Number of updated asset objects reloaded before import = 0
Number of asset objects unloaded after import = 2
========================================================================
Received Import Request.
  Time since last request: 16.942024 seconds.
  path: Assets/WorldMaterialsFree/Resource Files/DesertSandBrick/DesertSandBricks_normal.png
  artifactKey: Guid(9aadb6fe23a7254408035437838d84f8) Importer(815301076,1909f56bfc062723c751e8b465ee728b)
Start importing Assets/WorldMaterialsFree/Resource Files/DesertSandBrick/DesertSandBricks_normal.png using Guid(9aadb6fe23a7254408035437838d84f8) Importer(815301076,1909f56bfc062723c751e8b465ee728b)  -> (artifact id: '6bf0885a8cd2bb73a81c1835fd6428f2') in 0.044559 seconds
Number of updated asset objects reloaded before import = 0
Number of asset objects unloaded after import = 2
========================================================================
Received Import Request.
  Time since last request: 2.702382 seconds.
  path: Assets/WorldMaterialsFree/Resource Files/GrassClumps/GrassClumps_Yfliped_normal.png
  artifactKey: Guid(384a7c41f40c1eb42af0c794cb38743d) Importer(815301076,1909f56bfc062723c751e8b465ee728b)
Start importing Assets/WorldMaterialsFree/Resource Files/GrassClumps/GrassClumps_Yfliped_normal.png using Guid(384a7c41f40c1eb42af0c794cb38743d) Importer(815301076,1909f56bfc062723c751e8b465ee728b)  -> (artifact id: '6508b02dae4b8fcd3c0f85f4863278c5') in 0.028696 seconds
Number of updated asset objects reloaded before import = 0
Number of asset objects unloaded after import = 2
========================================================================
Received Import Request.
  Time since last request: 0.000034 seconds.
  path: Assets/WorldMaterialsFree/Resource Files/GrassClumps/GrassClumps_ao.png
  artifactKey: Guid(b0f89689d918fce4ca715e2d2f50bb44) Importer(815301076,1909f56bfc062723c751e8b465ee728b)
Start importing Assets/WorldMaterialsFree/Resource Files/GrassClumps/GrassClumps_ao.png using Guid(b0f89689d918fce4ca715e2d2f50bb44) Importer(815301076,1909f56bfc062723c751e8b465ee728b)  -> (artifact id: '8e73c4f663bc5b843fc522cb13fbe130') in 0.024536 seconds
Number of updated asset objects reloaded before import = 0
Number of asset objects unloaded after import = 2
========================================================================
Received Import Request.
  Time since last request: 0.596042 seconds.
  path: Assets/WorldMaterialsFree/Resource Files/GrassGravel/GrassGravel_YFliped_normal.png
  artifactKey: Guid(22da1a499fabde34888dba098e5c9d50) Importer(815301076,1909f56bfc062723c751e8b465ee728b)
Start importing Assets/WorldMaterialsFree/Resource Files/GrassGravel/GrassGravel_YFliped_normal.png using Guid(22da1a499fabde34888dba098e5c9d50) Importer(815301076,1909f56bfc062723c751e8b465ee728b)  -> (artifact id: 'e1e53f2713c067980d0d8f0b825ad915') in 0.027102 seconds
Number of updated asset objects reloaded before import = 0
Number of asset objects unloaded after import = 2
========================================================================
Received Import Request.
  Time since last request: 0.642072 seconds.
  path: Assets/WorldMaterialsFree/Resource Files/HexBricks/HexBricks_normal.png
  artifactKey: Guid(d4f69a826c0a5234cb14cd32957f13b8) Importer(815301076,1909f56bfc062723c751e8b465ee728b)
Start importing Assets/WorldMaterialsFree/Resource Files/HexBricks/HexBricks_normal.png using Guid(d4f69a826c0a5234cb14cd32957f13b8) Importer(815301076,1909f56bfc062723c751e8b465ee728b)  -> (artifact id: '7b16202c831294b60c9a0a3300d8854d') in 0.040703 seconds
Number of updated asset objects reloaded before import = 0
Number of asset objects unloaded after import = 2
========================================================================
Received Import Request.
  Time since last request: 0.556470 seconds.
  path: Assets/WorldMaterialsFree/Resource Files/PebbledGravel/PebbledGravel_YFliped_normal.png
  artifactKey: Guid(bedfc1b580f2a5f4d9bc40c2d7872747) Importer(815301076,1909f56bfc062723c751e8b465ee728b)
Start importing Assets/WorldMaterialsFree/Resource Files/PebbledGravel/PebbledGravel_YFliped_normal.png using Guid(bedfc1b580f2a5f4d9bc40c2d7872747) Importer(815301076,1909f56bfc062723c751e8b465ee728b)  -> (artifact id: 'f156d94c7cb9bcc04adbc1a17f3c03cb') in 0.027740 seconds
Number of updated asset objects reloaded before import = 0
Number of asset objects unloaded after import = 2
========================================================================
Received Import Request.
  Time since last request: 0.408390 seconds.
  path: Assets/WorldMaterialsFree/Resource Files/PlainFabric/PlainFabric_normal.png
  artifactKey: Guid(5f0d63cb1f7202c4db3e8e47008aca06) Importer(815301076,1909f56bfc062723c751e8b465ee728b)
Start importing Assets/WorldMaterialsFree/Resource Files/PlainFabric/PlainFabric_normal.png using Guid(5f0d63cb1f7202c4db3e8e47008aca06) Importer(815301076,1909f56bfc062723c751e8b465ee728b)  -> (artifact id: '9d352c92f5432794fd31d51cec52ff5c') in 0.026721 seconds
Number of updated asset objects reloaded before import = 0
Number of asset objects unloaded after import = 2
========================================================================
Received Import Request.
  Time since last request: 13.071938 seconds.
  path: Assets/WorldMaterialsFree/Resource Files/RuinStoneBricks/RuinStoneBricks_normal.png
  artifactKey: Guid(f7d9f421b54fb5b4f9e8346b078c6b47) Importer(815301076,1909f56bfc062723c751e8b465ee728b)
Start importing Assets/WorldMaterialsFree/Resource Files/RuinStoneBricks/RuinStoneBricks_normal.png using Guid(f7d9f421b54fb5b4f9e8346b078c6b47) Importer(815301076,1909f56bfc062723c751e8b465ee728b)  -> (artifact id: '9350b216f368e17dad864a7086e91ed4') in 0.039680 seconds
Number of updated asset objects reloaded before import = 0
Number of asset objects unloaded after import = 2
========================================================================
Received Import Request.
  Time since last request: 0.460491 seconds.
  path: Assets/WorldMaterialsFree/Resource Files/SimpleRedBricks/SimpleRedBricks_normal.png
  artifactKey: Guid(86791057ef535404f8a7a60ea2a81d4e) Importer(815301076,1909f56bfc062723c751e8b465ee728b)
Start importing Assets/WorldMaterialsFree/Resource Files/SimpleRedBricks/SimpleRedBricks_normal.png using Guid(86791057ef535404f8a7a60ea2a81d4e) Importer(815301076,1909f56bfc062723c751e8b465ee728b)  -> (artifact id: '80fb61cac028e78c39e6351a0102598e') in 0.037404 seconds
Number of updated asset objects reloaded before import = 0
Number of asset objects unloaded after import = 2
========================================================================
Received Import Request.
  Time since last request: 0.453659 seconds.
  path: Assets/WorldMaterialsFree/Resource Files/WavySand/WavySand_YFliped_normal.png
  artifactKey: Guid(c86cd8ae1cec025468e25672c5d790f4) Importer(815301076,1909f56bfc062723c751e8b465ee728b)
Start importing Assets/WorldMaterialsFree/Resource Files/WavySand/WavySand_YFliped_normal.png using Guid(c86cd8ae1cec025468e25672c5d790f4) Importer(815301076,1909f56bfc062723c751e8b465ee728b)  -> (artifact id: '9f2e4c6750b425acaf9b61cb832cba7f') in 0.037929 seconds
Number of updated asset objects reloaded before import = 0
Number of asset objects unloaded after import = 2
========================================================================
Received Import Request.
  Time since last request: 0.549453 seconds.
  path: Assets/WorldMaterialsFree/Resource Files/WoodenFlooring/WoodenFlooring_YFliped_Normal.png
  artifactKey: Guid(ddee466986ec720449081b01f389fe94) Importer(815301076,1909f56bfc062723c751e8b465ee728b)
Start importing Assets/WorldMaterialsFree/Resource Files/WoodenFlooring/WoodenFlooring_YFliped_Normal.png using Guid(ddee466986ec720449081b01f389fe94) Importer(815301076,1909f56bfc062723c751e8b465ee728b)  -> (artifact id: '718602f0551f31678be952a26389966d') in 0.038093 seconds
Number of updated asset objects reloaded before import = 0
Number of asset objects unloaded after import = 2
Editor requested this worker to shutdown with reason: Scaling down because of idle timeout
TcpMessagingSession - receive error: operation aborted. errorcode: 995, details: L’opération d’entrée/sortie a été abandonnée en raison de l’arrêt d’un thread ou à la demande d’une application.
AssetImportWorker is now disconnected from the server
Process exiting
Exiting without the bug reporter. Application will terminate with return code 0