Using pre-set license
Built from '2022.3/staging' branch; Version is '2022.3.1f1 (f18e0c1b5784) revision 15830540'; Using compiler version '192829333'; Build Type 'Release'
OS: 'Windows 11  (10.0.22621) 64bit Core' Language: 'fr' Physical Memory: 15720 MB
BatchMode: 1, IsHumanControllingUs: 0, StartBugReporterOnCrash: 0, Is64bit: 1, IsPro: 1

COMMAND LINE ARGUMENTS:
C:\Program Files\Unity\Hub\Editor\2022.3.1f1\Editor\Unity.exe
-adb2
-batchMode
-noUpm
-name
AssetImportWorker3
-projectPath
C:/Users/tagat/UnityProjects/Plinkers
-logFile
Logs/AssetImportWorker3.log
-srvPort
52338
Successfully changed project path to: C:/Users/tagat/UnityProjects/Plinkers
C:/Users/tagat/UnityProjects/Plinkers
[UnityMemory] Configuration Parameters - Can be set up in boot.config
    "memorysetup-bucket-allocator-granularity=16"
    "memorysetup-bucket-allocator-bucket-count=8"
    "memorysetup-bucket-allocator-block-size=33554432"
    "memorysetup-bucket-allocator-block-count=8"
    "memorysetup-main-allocator-block-size=16777216"
    "memorysetup-thread-allocator-block-size=16777216"
    "memorysetup-gfx-main-allocator-block-size=16777216"
    "memorysetup-gfx-thread-allocator-block-size=16777216"
    "memorysetup-cache-allocator-block-size=4194304"
    "memorysetup-typetree-allocator-block-size=2097152"
    "memorysetup-profiler-bucket-allocator-granularity=16"
    "memorysetup-profiler-bucket-allocator-bucket-count=8"
    "memorysetup-profiler-bucket-allocator-block-size=33554432"
    "memorysetup-profiler-bucket-allocator-block-count=8"
    "memorysetup-profiler-allocator-block-size=16777216"
    "memorysetup-profiler-editor-allocator-block-size=1048576"
    "memorysetup-temp-allocator-size-main=16777216"
    "memorysetup-job-temp-allocator-block-size=2097152"
    "memorysetup-job-temp-allocator-block-size-background=1048576"
    "memorysetup-job-temp-allocator-reduction-small-platforms=262144"
    "memorysetup-allocator-temp-initial-block-size-main=262144"
    "memorysetup-allocator-temp-initial-block-size-worker=262144"
    "memorysetup-temp-allocator-size-background-worker=32768"
    "memorysetup-temp-allocator-size-job-worker=262144"
    "memorysetup-temp-allocator-size-preload-manager=33554432"
    "memorysetup-temp-allocator-size-nav-mesh-worker=65536"
    "memorysetup-temp-allocator-size-audio-worker=65536"
    "memorysetup-temp-allocator-size-cloud-worker=32768"
    "memorysetup-temp-allocator-size-gi-baking-worker=262144"
    "memorysetup-temp-allocator-size-gfx=262144"
Player connection [23720] Host "[IP] 10.11.142.228 [Port] 0 [Flags] 2 [Guid] 1841070558 [EditorId] 1841070558 [Version] 1048832 [Id] WindowsEditor(7,CONONCON) [Debug] 1 [PackageName] WindowsEditor [ProjectName] Editor" joined multi-casting on [225.0.0.222:54997]...

Player connection [23720] Host "[IP] 10.11.142.228 [Port] 0 [Flags] 2 [Guid] 1841070558 [EditorId] 1841070558 [Version] 1048832 [Id] WindowsEditor(7,CONONCON) [Debug] 1 [PackageName] WindowsEditor [ProjectName] Editor" joined alternative multi-casting on [225.0.0.222:34997]...

Refreshing native plugins compatible for Editor in 11.57 ms, found 3 plugins.
Preloading 0 native plugins for Editor in 0.00 ms.
Initialize engine version: 2022.3.1f1 (f18e0c1b5784)
[Subsystems] Discovering subsystems at path C:/Program Files/Unity/Hub/Editor/2022.3.1f1/Editor/Data/Resources/UnitySubsystems
[Subsystems] Discovering subsystems at path C:/Users/tagat/UnityProjects/Plinkers/Assets
GfxDevice: creating device client; threaded=0; jobified=0
Direct3D:
    Version:  Direct3D 11.0 [level 11.1]
    Renderer: AMD Radeon (TM) Graphics (ID=0x15e7)
    Vendor:   ATI
    VRAM:     7860 MB
    Driver:   31.0.21024.5
Initialize mono
Mono path[0] = 'C:/Program Files/Unity/Hub/Editor/2022.3.1f1/Editor/Data/Managed'
Mono path[1] = 'C:/Program Files/Unity/Hub/Editor/2022.3.1f1/Editor/Data/MonoBleedingEdge/lib/mono/unityjit-win32'
Mono config path = 'C:/Program Files/Unity/Hub/Editor/2022.3.1f1/Editor/Data/MonoBleedingEdge/etc'
Using monoOptions --debugger-agent=transport=dt_socket,embedding=1,server=y,suspend=n,address=127.0.0.1:56728
Begin MonoManager ReloadAssembly
Registering precompiled unity dll's ...
Register platform support module: C:/Program Files/Unity/Hub/Editor/2022.3.1f1/Editor/Data/PlaybackEngines/WebGLSupport/UnityEditor.WebGL.Extensions.dll
Register platform support module: C:/Program Files/Unity/Hub/Editor/2022.3.1f1/Editor/Data/PlaybackEngines/WindowsStandaloneSupport/UnityEditor.WindowsStandalone.Extensions.dll
Registered in 0.012306 seconds.
- Loaded All Assemblies, in  0.453 seconds
Native extension for WindowsStandalone target not found
Native extension for WebGL target not found
Mono: successfully reloaded assembly
- Finished resetting the current domain, in  0.354 seconds
Domain Reload Profiling: 804ms
	BeginReloadAssembly (118ms)
		ExecutionOrderSort (0ms)
		DisableScriptedObjects (0ms)
		BackupInstance (0ms)
		ReleaseScriptingObjects (0ms)
		CreateAndSetChildDomain (1ms)
	RebuildCommonClasses (47ms)
	RebuildNativeTypeToScriptingClass (12ms)
	initialDomainReloadingComplete (83ms)
	LoadAllAssembliesAndSetupDomain (189ms)
		LoadAssemblies (116ms)
		RebuildTransferFunctionScriptingTraits (0ms)
		AnalyzeDomain (180ms)
			TypeCache.Refresh (179ms)
				TypeCache.ScanAssembly (161ms)
			ScanForSourceGeneratedMonoScriptInfo (0ms)
			ResolveRequiredComponents (1ms)
	FinalizeReload (354ms)
		ReleaseScriptCaches (0ms)
		RebuildScriptCaches (0ms)
		SetupLoadedEditorAssemblies (278ms)
			LogAssemblyErrors (0ms)
			InitializePlatformSupportModulesInManaged (18ms)
			SetLoadedEditorAssemblies (8ms)
			RefreshPlugins (0ms)
			BeforeProcessingInitializeOnLoad (3ms)
			ProcessInitializeOnLoadAttributes (190ms)
			ProcessInitializeOnLoadMethodAttributes (59ms)
			AfterProcessingInitializeOnLoad (0ms)
			EditorAssembliesLoaded (0ms)
		ExecutionOrderSort2 (0ms)
		AwakeInstancesAfterBackupRestoration (0ms)
========================================================================
Worker process is ready to serve import requests
Begin MonoManager ReloadAssembly
Symbol file LoadedFromMemory doesn't match image C:\Users\tagat\UnityProjects\Plinkers\Library\PackageCache\com.unity.visualscripting@1.8.0\Editor\VisualScripting.Core\Dependencies\YamlDotNet\Unity.VisualScripting.YamlDotNet.dll
Symbol file LoadedFromMemory doesn't match image C:\Users\tagat\UnityProjects\Plinkers\Library\PackageCache\com.unity.visualscripting@1.8.0\Editor\VisualScripting.Core\Dependencies\DotNetZip\Unity.VisualScripting.IonicZip.dll
- Loaded All Assemblies, in  0.930 seconds
Refreshing native plugins compatible for Editor in 3.36 ms, found 3 plugins.
Native extension for WindowsStandalone target not found
Native extension for WebGL target not found
Mono: successfully reloaded assembly
- Finished resetting the current domain, in  0.741 seconds
Domain Reload Profiling: 1669ms
	BeginReloadAssembly (193ms)
		ExecutionOrderSort (0ms)
		DisableScriptedObjects (7ms)
		BackupInstance (0ms)
		ReleaseScriptingObjects (0ms)
		CreateAndSetChildDomain (42ms)
	RebuildCommonClasses (61ms)
	RebuildNativeTypeToScriptingClass (18ms)
	initialDomainReloadingComplete (63ms)
	LoadAllAssembliesAndSetupDomain (591ms)
		LoadAssemblies (357ms)
		RebuildTransferFunctionScriptingTraits (0ms)
		AnalyzeDomain (327ms)
			TypeCache.Refresh (306ms)
				TypeCache.ScanAssembly (293ms)
			ScanForSourceGeneratedMonoScriptInfo (17ms)
			ResolveRequiredComponents (4ms)
	FinalizeReload (742ms)
		ReleaseScriptCaches (0ms)
		RebuildScriptCaches (0ms)
		SetupLoadedEditorAssemblies (553ms)
			LogAssemblyErrors (0ms)
			InitializePlatformSupportModulesInManaged (12ms)
			SetLoadedEditorAssemblies (7ms)
			RefreshPlugins (0ms)
			BeforeProcessingInitializeOnLoad (97ms)
			ProcessInitializeOnLoadAttributes (393ms)
			ProcessInitializeOnLoadMethodAttributes (35ms)
			AfterProcessingInitializeOnLoad (9ms)
			EditorAssembliesLoaded (0ms)
		ExecutionOrderSort2 (0ms)
		AwakeInstancesAfterBackupRestoration (11ms)
Launched and connected shader compiler UnityShaderCompiler.exe after 0.07 seconds
Refreshing native plugins compatible for Editor in 8.34 ms, found 3 plugins.
Preloading 0 native plugins for Editor in 0.00 ms.
Unloading 3069 Unused Serialized files (Serialized files now loaded: 0)
Unloading 33 unused Assets / (0.8 MB). Loaded Objects now: 3533.
Memory consumption went from 119.3 MB to 118.5 MB.
Total: 7.184000 ms (FindLiveObjects: 0.549000 ms CreateObjectMapping: 0.221900 ms MarkObjects: 5.946400 ms  DeleteObjects: 0.463600 ms)

AssetImportParameters requested are different than current active one (requested -> active):
  custom:container-demuxer-ogg: 62fdf1f143b41e24485cea50d1cbac27 -> 
  custom:video-codec-MediaFoundation-h265: 746d11721c4dcdbdad8f713fa42b33f4 -> 
  custom:video-decoder-ogg-theora: a1e56fd34408186e4bbccfd4996cb3dc -> 
  custom:framework-win-MediaFoundation: 216162199b28c13a410421893ffa2e32 -> 
  custom:container-demuxer-webm: 4f35f7cbe854078d1ac9338744f61a02 -> 
  custom:container-muxer-webm: aa71ff27fc2769a1b78a27578f13a17b -> 
  custom:video-decoder-webm-vp8: 9c59270c3fd7afecdb556c50c9e8de78 -> 
  custom:AudioImporter_EditorPlatform: d09bf68614088b80899f8185d706f6e7 -> 
  custom:video-encoder-webm-vp8: eb34c28f22e8b96e1ab97ce403110664 -> 
  custom:audio-decoder-ogg-vorbis: bf7c407c2cedff20999df2af8eb42d56 -> 
  custom:audio-encoder-webm-vorbis: bf7c407c2cedff20999df2af8eb42d56 -> 
========================================================================
Received Import Request.
  Time since last request: 35303.526370 seconds.
  path: Assets/WorldMaterialsFree/Resource Files/AgedDarkWood/AgedDarkWood_height.png
  artifactKey: Guid(41ee5389a45424b4a80528258a4c236c) Importer(815301076,1909f56bfc062723c751e8b465ee728b)
Start importing Assets/WorldMaterialsFree/Resource Files/AgedDarkWood/AgedDarkWood_height.png using Guid(41ee5389a45424b4a80528258a4c236c) Importer(815301076,1909f56bfc062723c751e8b465ee728b)  -> (artifact id: 'f8edb576e838e582816fc8b4ef1516e8') in 0.125440 seconds
Number of updated asset objects reloaded before import = 0
Number of asset objects unloaded after import = 2
========================================================================
Received Import Request.
  Time since last request: 0.000048 seconds.
  path: Assets/WorldMaterialsFree/Resource Files/BrushedIron/BrushedIron_Albedo.png
  artifactKey: Guid(450abdfc31012ee45a60a12a63706bdd) Importer(815301076,1909f56bfc062723c751e8b465ee728b)
Start importing Assets/WorldMaterialsFree/Resource Files/BrushedIron/BrushedIron_Albedo.png using Guid(450abdfc31012ee45a60a12a63706bdd) Importer(815301076,1909f56bfc062723c751e8b465ee728b)  -> (artifact id: 'eb08d453aa9496904a1eb639cc846bb9') in 0.028786 seconds
Number of updated asset objects reloaded before import = 0
Number of asset objects unloaded after import = 2
========================================================================
Received Import Request.
  Time since last request: 0.000027 seconds.
  path: Assets/WorldMaterialsFree/Resource Files/BathroomTiles/BathroomTiles_smoothness.png
  artifactKey: Guid(50f22ded93bf5a3459011d427639a3c7) Importer(815301076,1909f56bfc062723c751e8b465ee728b)
Start importing Assets/WorldMaterialsFree/Resource Files/BathroomTiles/BathroomTiles_smoothness.png using Guid(50f22ded93bf5a3459011d427639a3c7) Importer(815301076,1909f56bfc062723c751e8b465ee728b)  -> (artifact id: '0116f502526042c02e9b1e77b8c7720b') in 0.019585 seconds
Number of updated asset objects reloaded before import = 0
Number of asset objects unloaded after import = 2
========================================================================
Received Import Request.
  Time since last request: 11.166277 seconds.
  path: Assets/WorldMaterialsFree/Resource Files/ClumpMud/ClumpMud_Height.png
  artifactKey: Guid(1ec47b3300477f040b5d59f8fc7497dc) Importer(815301076,1909f56bfc062723c751e8b465ee728b)
Start importing Assets/WorldMaterialsFree/Resource Files/ClumpMud/ClumpMud_Height.png using Guid(1ec47b3300477f040b5d59f8fc7497dc) Importer(815301076,1909f56bfc062723c751e8b465ee728b)  -> (artifact id: '40d988265c94fe8fcc7cf2bb0e1425b7') in 0.033708 seconds
Number of updated asset objects reloaded before import = 0
Number of asset objects unloaded after import = 2
========================================================================
Received Import Request.
  Time since last request: 0.763600 seconds.
  path: Assets/WorldMaterialsFree/Resource Files/CoarseConcrete/CoarseConcrete_height.png
  artifactKey: Guid(aa9dea029b072b042bf02fc464e0b12f) Importer(815301076,1909f56bfc062723c751e8b465ee728b)
Start importing Assets/WorldMaterialsFree/Resource Files/CoarseConcrete/CoarseConcrete_height.png using Guid(aa9dea029b072b042bf02fc464e0b12f) Importer(815301076,1909f56bfc062723c751e8b465ee728b)  -> (artifact id: '17718b922d2fca0e8d587b1b06a4722f') in 0.031970 seconds
Number of updated asset objects reloaded before import = 0
Number of asset objects unloaded after import = 2
========================================================================
Received Import Request.
  Time since last request: 16.294856 seconds.
  path: Assets/WorldMaterialsFree/Resource Files/DesertCliffRock/DesertCliffRock_height.png
  artifactKey: Guid(99cfbf1a17ab2c64188050a1d509d24b) Importer(815301076,1909f56bfc062723c751e8b465ee728b)
Start importing Assets/WorldMaterialsFree/Resource Files/DesertCliffRock/DesertCliffRock_height.png using Guid(99cfbf1a17ab2c64188050a1d509d24b) Importer(815301076,1909f56bfc062723c751e8b465ee728b)  -> (artifact id: '091faeb4ff2164427591a5480bbfc3df') in 0.035720 seconds
Number of updated asset objects reloaded before import = 0
Number of asset objects unloaded after import = 2
========================================================================
Received Import Request.
  Time since last request: 16.946508 seconds.
  path: Assets/WorldMaterialsFree/Resource Files/DesertSandBrick/DesertSandBricks_height.png
  artifactKey: Guid(30b8291384f7e02419ca3179c716dec2) Importer(815301076,1909f56bfc062723c751e8b465ee728b)
Start importing Assets/WorldMaterialsFree/Resource Files/DesertSandBrick/DesertSandBricks_height.png using Guid(30b8291384f7e02419ca3179c716dec2) Importer(815301076,1909f56bfc062723c751e8b465ee728b)  -> (artifact id: 'ea9ed3f46bf8fa91eed6db74c8647e34') in 0.046868 seconds
Number of updated asset objects reloaded before import = 0
Number of asset objects unloaded after import = 2
========================================================================
Received Import Request.
  Time since last request: 2.704372 seconds.
  path: Assets/WorldMaterialsFree/Resource Files/GrassClumps/GrassClumps_height.png
  artifactKey: Guid(75aa83e701cf56948b1bf72f7e128920) Importer(815301076,1909f56bfc062723c751e8b465ee728b)
Start importing Assets/WorldMaterialsFree/Resource Files/GrassClumps/GrassClumps_height.png using Guid(75aa83e701cf56948b1bf72f7e128920) Importer(815301076,1909f56bfc062723c751e8b465ee728b)  -> (artifact id: '935953251eb70d27e677cd5d5fc3f197') in 0.023079 seconds
Number of updated asset objects reloaded before import = 0
Number of asset objects unloaded after import = 2
========================================================================
Received Import Request.
  Time since last request: 0.607820 seconds.
  path: Assets/WorldMaterialsFree/Resource Files/GrassGravel/GrassGravel_height.png
  artifactKey: Guid(c58babe44f8c3b041872e30e0f504583) Importer(815301076,1909f56bfc062723c751e8b465ee728b)
Start importing Assets/WorldMaterialsFree/Resource Files/GrassGravel/GrassGravel_height.png using Guid(c58babe44f8c3b041872e30e0f504583) Importer(815301076,1909f56bfc062723c751e8b465ee728b)  -> (artifact id: 'f1c1f602a18a05b1ac18934fb7e1ab4a') in 0.024094 seconds
Number of updated asset objects reloaded before import = 0
Number of asset objects unloaded after import = 2
========================================================================
Received Import Request.
  Time since last request: 0.000027 seconds.
  path: Assets/WorldMaterialsFree/Resource Files/GrassGravel/GrassGravel_ao.png
  artifactKey: Guid(08abe4ebe80f2a8419b792acb0d20542) Importer(815301076,1909f56bfc062723c751e8b465ee728b)
Start importing Assets/WorldMaterialsFree/Resource Files/GrassGravel/GrassGravel_ao.png using Guid(08abe4ebe80f2a8419b792acb0d20542) Importer(815301076,1909f56bfc062723c751e8b465ee728b)  -> (artifact id: 'c3b77df614624d0accff59dba9ca2eef') in 0.019561 seconds
Number of updated asset objects reloaded before import = 0
Number of asset objects unloaded after import = 2
========================================================================
Received Import Request.
  Time since last request: 0.624619 seconds.
  path: Assets/WorldMaterialsFree/Resource Files/HexBricks/HexBricks_height.png
  artifactKey: Guid(c4aabfcb8fc834541a39eb5e5ec2a787) Importer(815301076,1909f56bfc062723c751e8b465ee728b)
Start importing Assets/WorldMaterialsFree/Resource Files/HexBricks/HexBricks_height.png using Guid(c4aabfcb8fc834541a39eb5e5ec2a787) Importer(815301076,1909f56bfc062723c751e8b465ee728b)  -> (artifact id: 'e71b28923440853d551b7c587ca2d912') in 0.037536 seconds
Number of updated asset objects reloaded before import = 0
Number of asset objects unloaded after import = 2
========================================================================
Received Import Request.
  Time since last request: 0.560998 seconds.
  path: Assets/WorldMaterialsFree/Resource Files/PebbledGravel/PebbledGravel_height.png
  artifactKey: Guid(b008c37730af1ae4fa7faad8c6dffbca) Importer(815301076,1909f56bfc062723c751e8b465ee728b)
Start importing Assets/WorldMaterialsFree/Resource Files/PebbledGravel/PebbledGravel_height.png using Guid(b008c37730af1ae4fa7faad8c6dffbca) Importer(815301076,1909f56bfc062723c751e8b465ee728b)  -> (artifact id: '1d27cf61b0d716c59df3d0be275f235a') in 0.023079 seconds
Number of updated asset objects reloaded before import = 0
Number of asset objects unloaded after import = 2
========================================================================
Received Import Request.
  Time since last request: 0.414107 seconds.
  path: Assets/WorldMaterialsFree/Resource Files/PlainFabric/PlainFabric_height.png
  artifactKey: Guid(62996a92e08e62f449da2ef36de6de71) Importer(815301076,1909f56bfc062723c751e8b465ee728b)
Start importing Assets/WorldMaterialsFree/Resource Files/PlainFabric/PlainFabric_height.png using Guid(62996a92e08e62f449da2ef36de6de71) Importer(815301076,1909f56bfc062723c751e8b465ee728b)  -> (artifact id: '8cfcd77f850fc0b678e3dcb6d19ae6d5') in 0.032925 seconds
Number of updated asset objects reloaded before import = 0
Number of asset objects unloaded after import = 2
========================================================================
Received Import Request.
  Time since last request: 13.073456 seconds.
  path: Assets/WorldMaterialsFree/Resource Files/RuinStoneBricks/RuinStoneBricks_height.png
  artifactKey: Guid(68230a5a72b27b34da2c8bdf279cea66) Importer(815301076,1909f56bfc062723c751e8b465ee728b)
Start importing Assets/WorldMaterialsFree/Resource Files/RuinStoneBricks/RuinStoneBricks_height.png using Guid(68230a5a72b27b34da2c8bdf279cea66) Importer(815301076,1909f56bfc062723c751e8b465ee728b)  -> (artifact id: '72c69373fef8c0323dc9f3aaec4e2372') in 0.041154 seconds
Number of updated asset objects reloaded before import = 0
Number of asset objects unloaded after import = 2
========================================================================
Received Import Request.
  Time since last request: 0.456003 seconds.
  path: Assets/WorldMaterialsFree/Resource Files/SimpleRedBricks/SimpleRedBricks_height.png
  artifactKey: Guid(ec18a1357ed8093489ba7a2c9d3b0816) Importer(815301076,1909f56bfc062723c751e8b465ee728b)
Start importing Assets/WorldMaterialsFree/Resource Files/SimpleRedBricks/SimpleRedBricks_height.png using Guid(ec18a1357ed8093489ba7a2c9d3b0816) Importer(815301076,1909f56bfc062723c751e8b465ee728b)  -> (artifact id: 'b37a2304fbd0ddcf0478178b54b999bf') in 0.034149 seconds
Number of updated asset objects reloaded before import = 0
Number of asset objects unloaded after import = 2
========================================================================
Received Import Request.
  Time since last request: 0.456665 seconds.
  path: Assets/WorldMaterialsFree/Resource Files/WavySand/WavySand_smoothness.png
  artifactKey: Guid(06e741348f141804faa9421cd9aa2c27) Importer(815301076,1909f56bfc062723c751e8b465ee728b)
Start importing Assets/WorldMaterialsFree/Resource Files/WavySand/WavySand_smoothness.png using Guid(06e741348f141804faa9421cd9aa2c27) Importer(815301076,1909f56bfc062723c751e8b465ee728b)  -> (artifact id: 'b36ce91b6f9fa4007a109673d591d02c') in 0.036171 seconds
Number of updated asset objects reloaded before import = 0
Number of asset objects unloaded after import = 2
========================================================================
Received Import Request.
  Time since last request: 0.547253 seconds.
  path: Assets/WorldMaterialsFree/Resource Files/WoodenFlooring/WoodenFlooring_Height.png
  artifactKey: Guid(c2aad0ca3f333cd46ae70f27cdbbfefb) Importer(815301076,1909f56bfc062723c751e8b465ee728b)
Start importing Assets/WorldMaterialsFree/Resource Files/WoodenFlooring/WoodenFlooring_Height.png using Guid(c2aad0ca3f333cd46ae70f27cdbbfefb) Importer(815301076,1909f56bfc062723c751e8b465ee728b)  -> (artifact id: '04dee783eba106c3748dd0dcdaa6f4da') in 0.032750 seconds
Number of updated asset objects reloaded before import = 0
Number of asset objects unloaded after import = 2
Editor requested this worker to shutdown with reason: Scaling down because of idle timeout
TcpMessagingSession - receive error: operation aborted. errorcode: 995, details: L’opération d’entrée/sortie a été abandonnée en raison de l’arrêt d’un thread ou à la demande d’une application.
AssetImportWorker is now disconnected from the server
Process exiting
Exiting without the bug reporter. Application will terminate with return code 0